[18:27:38] [Server thread/INFO]: Starting minecraft server version 1.8.9
[18:27:41] [Server thread/INFO]: Loading properties
[18:27:41] [Server thread/INFO]: Default game type: SURVIVAL
[18:27:41] [Server thread/INFO]: Generating keypair
[18:27:41] [Server thread/INFO]: Starting Minecraft server on *:25565
[18:27:41] [Server thread/INFO]: Using epoll channel type
[18:27:41] [Server thread/WARN]: **** SERVER IS RUNNING IN OFFLINE/INSECURE MODE!
[18:27:41] [Server thread/WARN]: The server will make no attempt to authenticate usernames. Beware.
[18:27:41] [Server thread/WARN]: While this makes the game possible to play without internet access, it also opens up the ability for hackers to connect with any username they choose.
[18:27:41] [Server thread/WARN]: To change this, set "online-mode" to "true" in the server.properties file.
[18:27:41] [Server thread/INFO]: Preparing level "world"
[18:27:41] [Server thread/INFO]: Preparing start region for level 0
[18:27:42] [Server thread/INFO]: Done (0.922s)! For help, type "help" or "?"
[18:30:03] [Server thread/INFO]: kat_zu05[/127.83.209.34:35607] logged in with entity id 234 at (-229.5, 66.0, 5.5)
[18:30:03] [Server thread/INFO]: kat_zu05 joined the game
[18:30:16] [Server thread/INFO]: kat_zu05 has just earned the achievement [Taking Inventory]
[18:31:40] [Server thread/INFO]: Rumpelstiltskill[/127.83.209.34:56311] logged in with entity id 3124 at (-229.51849846961596, 66.0, 10.699999988079071)
[18:31:40] [Server thread/INFO]: Rumpelstiltskill joined the game
[18:32:37] [Server thread/INFO]: Opped Rumpelstiltskill
[18:33:06] [Server thread/INFO]: Rumpelstiltskill lost connection: TextComponent{text='Disconnected', siblings=[], style=Style{hasParent=false, color=null, bold=null, italic=null, underlined=null, obfuscated=null, clickEvent=null, hoverEvent=null, insertion=null}}
[18:33:06] [Server thread/INFO]: Rumpelstiltskill left the game
[18:33:10] [Server thread/INFO]: Rumpelstiltskill[/127.83.209.34:57707] logged in with entity id 7073 at (-218.90571348628558, 67.0, 20.53457753747751)
[18:33:10] [Server thread/INFO]: Rumpelstiltskill joined the game
[18:33:18] [Server thread/INFO]: [Rumpelstiltskill: Set own game mode to Creative Mode]
[18:34:26] [Server thread/INFO]: [Rumpelstiltskill: Set the time to 1000]
[18:34:43] [Server thread/INFO]: [Rumpelstiltskill: Game rule has been updated]
[18:34:47] [Server thread/INFO]: [Rumpelstiltskill: Set own game mode to Survival Mode]
[18:36:21] [Server thread/INFO]: Rumpelstiltskill has just earned the achievement [Taking Inventory]
[18:36:46] [Server thread/INFO]: Rumpelstiltskill lost connection: TextComponent{text='Disconnected', siblings=[], style=Style{hasParent=false, color=null, bold=null, italic=null, underlined=null, obfuscated=null, clickEvent=null, hoverEvent=null, insertion=null}}
[18:36:46] [Server thread/INFO]: Rumpelstiltskill left the game
